{
  "RSpec": {
    "coverage": {
      "C:/Users/menni/Desktop/SentryDSTest/Palindrome/palindrome.rb": [
        null,
        null,
        null,
        null,
        null,
        null,
        null,
        null,
        null,
        null,
        null,
        null,
        null,
        null,
        null,
        null,
        null,
        null,
        null,
        null,
        null,
        null,
        null,
        null,
        1,
        null,
        null,
        null,
        null,
        null,
        null,
        null,
        null,
        null,
        null,
        null,
        null,
        1,
        null,
        6,
        null,
        null,
        6,
        6,
        null,
        null,
        null,
        null,
        6,
        null,
        6,
        13,
        13,
        13,
        2,
        null,
        null,
        4,
        null,
        null
      ]
    },
    "timestamp": 1463185827
  }
}
